0 info it worked if it ends with ok
1 verbose cli [ '/Users/burya4ok/.nvm/versions/node/v6.9.3/bin/node',
1 verbose cli   '/Users/burya4ok/.nvm/versions/node/v6.9.3/lib/node_modules/npm/bin/npm-cli.js',
1 verbose cli   'run',
1 verbose cli   'start' ]
2 info using npm@3.10.10
3 info using node@v6.9.3
4 verbose stack Error: Invalid name: "Testapp a"
4 verbose stack     at ensureValidName (/Users/burya4ok/.nvm/versions/node/v6.9.3/lib/node_modules/npm/node_modules/normalize-package-data/lib/fixer.js:336:15)
4 verbose stack     at Object.fixNameField (/Users/burya4ok/.nvm/versions/node/v6.9.3/lib/node_modules/npm/node_modules/normalize-package-data/lib/fixer.js:215:5)
4 verbose stack     at /Users/burya4ok/.nvm/versions/node/v6.9.3/lib/node_modules/npm/node_modules/normalize-package-data/lib/normalize.js:32:38
4 verbose stack     at Array.forEach (native)
4 verbose stack     at normalize (/Users/burya4ok/.nvm/versions/node/v6.9.3/lib/node_modules/npm/node_modules/normalize-package-data/lib/normalize.js:31:15)
4 verbose stack     at final (/Users/burya4ok/.nvm/versions/node/v6.9.3/lib/node_modules/npm/node_modules/read-package-json/read-json.js:349:5)
4 verbose stack     at then (/Users/burya4ok/.nvm/versions/node/v6.9.3/lib/node_modules/npm/node_modules/read-package-json/read-json.js:124:5)
4 verbose stack     at /Users/burya4ok/.nvm/versions/node/v6.9.3/lib/node_modules/npm/node_modules/read-package-json/read-json.js:311:12
4 verbose stack     at /Users/burya4ok/.nvm/versions/node/v6.9.3/lib/node_modules/npm/node_modules/graceful-fs/graceful-fs.js:78:16
4 verbose stack     at tryToString (fs.js:455:3)
5 verbose cwd /Users/burya4ok/Downloads/the-complete-react-web-app-developer-course/10 Redux/attached_files/125 Setting Up Local Storage With Redux/react-10-22-redux-local-storage
6 error Darwin 16.3.0
7 error argv "/Users/burya4ok/.nvm/versions/node/v6.9.3/bin/node" "/Users/burya4ok/.nvm/versions/node/v6.9.3/lib/node_modules/npm/bin/npm-cli.js" "run" "start"
8 error node v6.9.3
9 error npm  v3.10.10
10 error Invalid name: "Testapp a"
11 error If you need help, you may report this error at:
11 error     <https://github.com/npm/npm/issues>
12 verbose exit [ 1, true ]
